<?xml version="1.0" encoding="utf-8"?><testsuites name="pytest tests"><testsuite name="pytest" errors="0" failures="0" skipped="0" tests="17" time="3.744" timestamp="2026-04-27T19:02:06.768062+00:00" hostname="agent-env-d48aeded-92d4-4157-bfa8-3659fd5bfbc9"><testcase classname="backend.tests.backend_test" name="test_login_wrong_password" time="0.494" /><testcase classname="backend.tests.backend_test" name="test_me" time="0.406" /><testcase classname="backend.tests.backend_test" name="test_me_unauth" time="0.109" /><testcase classname="backend.tests.backend_test" name="test_vehicle_duplicate_plate" time="0.108" /><testcase classname="backend.tests.backend_test" name="test_vehicle_list_filter" time="0.065" /><testcase classname="backend.tests.backend_test" name="test_vehicle_update" time="0.060" /><testcase classname="backend.tests.backend_test" name="test_staff_cannot_delete_vehicle" time="0.498" /><testcase classname="backend.tests.backend_test" name="test_customer_get_with_history" time="0.111" /><testcase classname="backend.tests.backend_test" name="test_reservation_double_booking" time="0.110" /><testcase classname="backend.tests.backend_test" name="test_reservation_invalid_customer" time="0.055" /><testcase classname="backend.tests.backend_test" name="test_reservation_list_enriched" time="0.055" /><testcase classname="backend.tests.backend_test" name="test_reservation_calendar" time="0.061" /><testcase classname="backend.tests.backend_test" name="test_payment_and_status" time="0.739" /><testcase classname="backend.tests.backend_test" name="test_dashboard_stats" time="0.061" /><testcase classname="backend.tests.backend_test" name="test_reports_summary" time="0.059" /><testcase classname="backend.tests.backend_test" name="test_reports_export_csv" time="0.053" /><testcase classname="backend.tests.backend_test" name="test_logout" time="0.578" /></testsuite></testsuites>